<?xml version="1.0" encoding="UTF-8"?><testsuite errors="0" failures="0" name="in.co.gorest.userinfo.UserCURDTestWithSteps" skipped="0" tests="4" time="9.11" timestamp="2023-06-07T23:42:43.825+10:00[Australia/Sydney]"><testcase classname="in.co.gorest.userinfo.UserCURDTestWithSteps" name="This will create a new User"/><testcase classname="in.co.gorest.userinfo.UserCURDTestWithSteps" name="Verify if the User is added to application"/><testcase classname="in.co.gorest.userinfo.UserCURDTestWithSteps" name="Update the student information and verify the updated information"/><testcase classname="in.co.gorest.userinfo.UserCURDTestWithSteps" name="This will delete student and verify that student is deleted"/></testsuite>